<?xml version="1.0" encoding="UTF-8"?>
<!-- Generated by org.testng.reporters.JUnitReportReporter -->
<testsuite hostname="Tester_poeko" failures="0" tests="5" name="Test_Method.AmazonTest" time="20.934" errors="0" timestamp="2022-02-14T13:05:38 IST" skipped="0">
  <testcase classname="Test_Method.AmazonTest" name="email" time="3.831"/>
  <system-out/>
  <testcase classname="Test_Method.AmazonTest" name="password" time="0.231"/>
  <system-out/>
  <testcase classname="Test_Method.AmazonTest" name="HomePageOperation1" time="7.787"/>
  <system-out/>
  <testcase classname="Test_Method.AmazonTest" name="HomePageOperation2" time="0.586"/>
  <system-out/>
  <testcase classname="Test_Method.AmazonTest" name="addToCartOperation" time="8.499"/>
  <system-out/>
</testsuite> <!-- Test_Method.AmazonTest -->
