<?xml version="1.0" encoding="UTF-8"?>
<!-- Generated by org.testng.reporters.JUnitReportReporter -->
<testsuite hostname="Tester_poeko" failures="0" tests="1" name="MyPkg.AmazonBuy" time="6.254" errors="0" timestamp="2022-02-11T13:43:33 IST" skipped="0">
  <testcase classname="MyPkg.AmazonBuy" name="addToCart" time="6.254"/>
  <system-out/>
</testsuite> <!-- MyPkg.AmazonBuy -->
